<?xml version="1.0" encoding="UTF-8"?><testsuite errors="1" failures="1" name="com.studentapp.studentinfo.FirstSerenityTest" skipped="2" tests="7" time="2.26" timestamp="2022-01-09T08:27:41.305Z[Europe/London]"><testcase classname="com.studentapp.studentinfo.FirstSerenityTest" name="This test will get all student details"/><testcase classname="com.studentapp.studentinfo.FirstSerenityTest" name="Manual"/><testcase classname="com.studentapp.studentinfo.FirstSerenityTest" name="This is a skip"><skipped/></testcase><testcase classname="com.studentapp.studentinfo.FirstSerenityTest" name="This is failing"><failure message="1 expectation failed.&#10;Expected status code &lt;400&gt; but was &lt;200&gt;.&#10;" type="java.lang.AssertionError">1 expectation failed.
Expected status code &lt;400&gt; but was &lt;200&gt;.
</failure><system-err>1 expectation failed.
Expected status code &lt;400&gt; but was &lt;200&gt;.
&#13;
io.restassured.internal.ResponseSpecificationImpl.validateResponseIfRequired(ResponseSpecificationImpl.groovy:636)&#13;
io.restassured.internal.ResponseSpecificationImpl.statusCode(ResponseSpecificationImpl.groovy:122)&#13;
io.restassured.internal.ResponseSpecificationImpl.statusCode(ResponseSpecificationImpl.groovy:130)&#13;
io.restassured.internal.ValidatableResponseOptionsImpl.statusCode(ValidatableResponseOptionsImpl.java:117)&#13;
com.studentapp.studentinfo.FirstSerenityTest.thisIsFailing(FirstSerenityTest.java:37)&#13;
</system-err></testcase><testcase classname="com.studentapp.studentinfo.FirstSerenityTest" name="This is test with error"><error message="/ by zero" type="java.lang.ArithmeticException">/ by zero</error><system-err>/ by zero&#13;
com.studentapp.studentinfo.FirstSerenityTest.thisIsTestWithError(FirstSerenityTest.java:48)&#13;
</system-err></testcase><testcase classname="com.studentapp.studentinfo.FirstSerenityTest" name="Get all students"/><testcase classname="com.studentapp.studentinfo.FirstSerenityTest" name="Compromised"><compromised message="E:\file.txt (The system cannot find the path specified)" type="java.io.FileNotFoundException">E:\file.txt (The system cannot find the path specified)</compromised><system-err>E:\file.txt (The system cannot find the path specified)&#13;
com.studentapp.studentinfo.FirstSerenityTest.compromised(FirstSerenityTest.java:59)&#13;
</system-err></testcase></testsuite>