<?xml version="1.0" encoding="UTF-8"?><testsuite errors="0" failures="0" name="com.studentapp.studentinfo.StudentCURDTest" skipped="0" tests="4" time="4.55" timestamp="2022-01-08T15:23:03.761Z[Europe/London]"><testcase classname="com.studentapp.studentinfo.StudentCURDTest" name="this will create a new student"/><testcase classname="com.studentapp.studentinfo.StudentCURDTest" name="verify if the student was added to the application"/><testcase classname="com.studentapp.studentinfo.StudentCURDTest" name="Update the user information and verify the updated infromation"/><testcase classname="com.studentapp.studentinfo.StudentCURDTest" name="Delete the student and verify if the student is deleted"/></testsuite>